<?xml version="1.0" encoding="UTF-8"?>
<!-- Generated by org.testng.reporters.JUnitXMLReporter -->
<testsuite ignored="0" hostname="Kappus-MBP.lan" failures="0" tests="10" name="Surefire test" time="7.832" errors="0" timestamp="2024-04-10T11:03:24 BST">
  <testcase classname="api.test.UserTests" name="testPostUser" time="1.903"/>
  <testcase classname="api.test.UserTests" name="testGetUser" time="0.531"/>
  <testcase classname="api.test.UserTests" name="testPutUser" time="0.926"/>
  <testcase classname="api.test.UserTests" name="testDeleteUser" time="0.544"/>
  <testcase classname="api.test.DataDrivenTests" name="testPostUser" time="0.555"/>
  <testcase classname="api.test.DataDrivenTests" name="testPostUser" time="0.444"/>
  <testcase classname="api.test.DataDrivenTests" name="testPostUser" time="0.44"/>
  <testcase classname="api.test.DataDrivenTests" name="deleteUserbyName" time="0.49"/>
  <testcase classname="api.test.DataDrivenTests" name="deleteUserbyName" time="0.53"/>
  <testcase classname="api.test.DataDrivenTests" name="deleteUserbyName" time="0.427"/>
</testsuite> <!-- Surefire test -->
