<?xml version="1.0" encoding="UTF-8"?>
<!-- Generated by org.testng.reporters.JUnitXMLReporter -->
<testsuite ignored="0" hostname="Kappus-MBP.lan" failures="0" tests="3" name="Default test" time="3.026" errors="0" timestamp="2024-04-22T22:15:43 BST">
  <testcase classname="api.test.PetTest" name="testPostPet" time="1.89"/>
  <testcase classname="api.test.PetTest" name="testGetPetbyName" time="0.503"/>
  <testcase classname="api.test.PetTest" name="testdeletePet" time="0.495"/>
</testsuite> <!-- Default test -->
