<?xml version="1.0" encoding="UTF-8"?>
<!-- Generated by org.testng.reporters.JUnitXMLReporter -->
<testsuite ignored="0" hostname="Kappus-MBP.lan" failures="0" tests="6" name="Default test" time="5.455" errors="0" timestamp="2024-04-09T17:23:53 BST">
  <testcase classname="api.test.DataDrivenTests" name="testPostUser" time="1.815"/>
  <testcase classname="api.test.DataDrivenTests" name="testPostUser" time="0.451"/>
  <testcase classname="api.test.DataDrivenTests" name="testPostUser" time="0.553"/>
  <testcase classname="api.test.DataDrivenTests" name="deleteUserbyName" time="0.564"/>
  <testcase classname="api.test.DataDrivenTests" name="deleteUserbyName" time="0.442"/>
  <testcase classname="api.test.DataDrivenTests" name="deleteUserbyName" time="0.495"/>
</testsuite> <!-- Default test -->
