<?xml version="1.0" encoding="UTF-8"?>
<testng-results ignored="0" total="4" passed="4" failed="0" skipped="0">
  <reporter-output>
  </reporter-output>
  <suite started-at="2024-04-10T16:31:53 BST" name="PetSuite" finished-at="2024-04-10T16:31:57 BST" duration-ms="4110">
    <groups>
    </groups>
    <test started-at="2024-04-10T16:31:53 BST" name="PetTest" finished-at="2024-04-10T16:31:57 BST" duration-ms="4110">
      <class name="api.test.UserTests">
        <test-method is-config="true" signature="setUpData()[pri:0, instance:api.test.UserTests@12d4bf7e]" started-at="2024-04-10T16:31:53 BST" name="setUpData" finished-at="2024-04-10T16:31:53 BST" duration-ms="112" status="PASS">
          <reporter-output>
          </reporter-output>
        </test-method> <!-- setUpData -->
        <test-method signature="testPostUser()[pri:1, instance:api.test.UserTests@12d4bf7e]" started-at="2024-04-10T16:31:53 BST" name="testPostUser" finished-at="2024-04-10T16:31:55 BST" duration-ms="1762" status="PASS">
          <reporter-output>
          </reporter-output>
        </test-method> <!-- testPostUser -->
        <test-method signature="testGetUser()[pri:2, instance:api.test.UserTests@12d4bf7e]" started-at="2024-04-10T16:31:55 BST" name="testGetUser" finished-at="2024-04-10T16:31:55 BST" duration-ms="526" status="PASS">
          <reporter-output>
          </reporter-output>
        </test-method> <!-- testGetUser -->
        <test-method signature="testPutUser()[pri:3, instance:api.test.UserTests@12d4bf7e]" started-at="2024-04-10T16:31:55 BST" name="testPutUser" finished-at="2024-04-10T16:31:56 BST" duration-ms="986" status="PASS">
          <reporter-output>
          </reporter-output>
        </test-method> <!-- testPutUser -->
        <test-method signature="testDeleteUser()[pri:4, instance:api.test.UserTests@12d4bf7e]" started-at="2024-04-10T16:31:56 BST" name="testDeleteUser" finished-at="2024-04-10T16:31:57 BST" duration-ms="553" status="PASS">
          <reporter-output>
          </reporter-output>
        </test-method> <!-- testDeleteUser -->
      </class> <!-- api.test.UserTests -->
    </test> <!-- PetTest -->
  </suite> <!-- PetSuite -->
</testng-results>
