<?xml version="1.0" encoding="UTF-8"?>
<testng-results ignored="0" total="4" passed="4" failed="0" skipped="0">
  <reporter-output>
  </reporter-output>
  <suite started-at="2024-04-09T18:09:09 BST" name="PetSuite" finished-at="2024-04-09T18:09:13 BST" duration-ms="3844">
    <groups>
    </groups>
    <test started-at="2024-04-09T18:09:09 BST" name="PetTest" finished-at="2024-04-09T18:09:13 BST" duration-ms="3844">
      <class name="api.test.UserTests">
        <test-method is-config="true" signature="setUpData()[pri:0, instance:api.test.UserTests@4facf68f]" started-at="2024-04-09T18:09:09 BST" name="setUpData" finished-at="2024-04-09T18:09:09 BST" duration-ms="118" status="PASS">
          <reporter-output>
          </reporter-output>
        </test-method> <!-- setUpData -->
        <test-method signature="testPostUser()[pri:1, instance:api.test.UserTests@4facf68f]" started-at="2024-04-09T18:09:09 BST" name="testPostUser" finished-at="2024-04-09T18:09:11 BST" duration-ms="1542" status="PASS">
          <reporter-output>
          </reporter-output>
        </test-method> <!-- testPostUser -->
        <test-method signature="testGetUser()[pri:2, instance:api.test.UserTests@4facf68f]" started-at="2024-04-09T18:09:11 BST" name="testGetUser" finished-at="2024-04-09T18:09:11 BST" duration-ms="535" status="PASS">
          <reporter-output>
          </reporter-output>
        </test-method> <!-- testGetUser -->
        <test-method signature="testPutUser()[pri:3, instance:api.test.UserTests@4facf68f]" started-at="2024-04-09T18:09:11 BST" name="testPutUser" finished-at="2024-04-09T18:09:12 BST" duration-ms="897" status="PASS">
          <reporter-output>
          </reporter-output>
        </test-method> <!-- testPutUser -->
        <test-method signature="testDeleteUser()[pri:4, instance:api.test.UserTests@4facf68f]" started-at="2024-04-09T18:09:12 BST" name="testDeleteUser" finished-at="2024-04-09T18:09:13 BST" duration-ms="581" status="PASS">
          <reporter-output>
          </reporter-output>
        </test-method> <!-- testDeleteUser -->
      </class> <!-- api.test.UserTests -->
    </test> <!-- PetTest -->
  </suite> <!-- PetSuite -->
</testng-results>
