<?xml version="1.0" encoding="UTF-8"?>
<!-- Generated by org.testng.reporters.JUnitXMLReporter -->
<testsuite ignored="0" hostname="Kappus-MBP.lan" failures="0" tests="4" name="PetTest" time="4.11" errors="0" timestamp="2024-04-10T16:31:57 BST">
  <testcase classname="api.test.UserTests" name="testPostUser" time="1.762"/>
  <testcase classname="api.test.UserTests" name="testGetUser" time="0.526"/>
  <testcase classname="api.test.UserTests" name="testPutUser" time="0.986"/>
  <testcase classname="api.test.UserTests" name="testDeleteUser" time="0.553"/>
</testsuite> <!-- PetTest -->
