<?xml version="1.0" encoding="UTF-8"?>
<!-- Generated by org.testng.reporters.JUnitXMLReporter -->
<testsuite ignored="0" hostname="Kappus-MBP.lan" failures="0" tests="3" name="PetTest" time="3.761" errors="0" timestamp="2024-04-23T14:31:04 BST">
  <testcase classname="api.test.PetTest" name="testPostPet" time="2.089"/>
  <testcase classname="api.test.PetTest" name="testGetPetbyName" time="0.565"/>
  <testcase classname="api.test.PetTest" name="testdeletePet" time="0.436"/>
</testsuite> <!-- PetTest -->
