<?xml version="1.0" encoding="UTF-8"?>
<!-- Generated by org.testng.reporters.JUnitXMLReporter -->
<testsuite ignored="0" hostname="Kappus-MBP.lan" failures="0" tests="4" name="PetTest" time="5.034" errors="0" timestamp="2024-04-10T21:10:50 BST">
  <testcase classname="api.test.UserTests" name="testPostUser" time="2.383"/>
  <testcase classname="api.test.UserTests" name="testGetUser" time="0.527"/>
  <testcase classname="api.test.UserTests" name="testPutUser" time="1.018"/>
  <testcase classname="api.test.UserTests" name="testDeleteUser" time="0.49"/>
</testsuite> <!-- PetTest -->
