<?xml version="1.0" encoding="UTF-8"?>
<!-- Generated by org.testng.reporters.JUnitXMLReporter -->
<testsuite ignored="0" hostname="Kappus-MBP.lan" failures="0" tests="4" name="PetTest" time="3.844" errors="0" timestamp="2024-04-09T18:09:13 BST">
  <testcase classname="api.test.UserTests" name="testPostUser" time="1.542"/>
  <testcase classname="api.test.UserTests" name="testGetUser" time="0.535"/>
  <testcase classname="api.test.UserTests" name="testPutUser" time="0.897"/>
  <testcase classname="api.test.UserTests" name="testDeleteUser" time="0.581"/>
</testsuite> <!-- PetTest -->
